[2020-08-31 03:24:06] local.ERROR: file_get_contents(/var/www/tess/bootstrap/cache/packages.php): failed to open stream: Permission denied {"exception":"[object] (ErrorException(code: 0): file_get_contents(/var/www/tess/bootstrap/cache/packages.php): failed to open stream: Permission denied at /var/www/tess/vendor/laravel/framework/src/Illuminate/Filesystem/Filesystem.php:38)
[stacktrace]
#0 [internal function]: Illuminate\\Foundation\\Bootstrap\\HandleExceptions->handleError(2, 'file_get_conten...', '/var/www/tess/v...', 38, Array)
#1 /var/www/tess/vendor/laravel/framework/src/Illuminate/Filesystem/Filesystem.php(38): file_get_contents('/var/www/tess/b...')
#2 /var/www/tess/vendor/laravel/framework/src/Illuminate/Foundation/PackageManifest.php(100): Illuminate\\Filesystem\\Filesystem->get('/var/www/tess/b...')
#3 /var/www/tess/vendor/laravel/framework/src/Illuminate/Foundation/PackageManifest.php(80): Illuminate\\Foundation\\PackageManifest->getManifest()
#4 /var/www/tess/vendor/laravel/framework/src/Illuminate/Foundation/Bootstrap/RegisterFacades.php(26): Illuminate\\Foundation\\PackageManifest->aliases()
#5 /var/www/tess/vendor/laravel/framework/src/Illuminate/Foundation/Application.php(210): Illuminate\\Foundation\\Bootstrap\\RegisterFacades->bootstrap(Object(Illuminate\\Foundation\\Application))
#6 /var/www/tess/vendor/laravel/framework/src/Illuminate/Foundation/Http/Kernel.php(162): Illuminate\\Foundation\\Application->bootstrapWith(Array)
#7 /var/www/tess/vendor/laravel/framework/src/Illuminate/Foundation/Http/Kernel.php(146): Illuminate\\Foundation\\Http\\Kernel->bootstrap()
#8 /var/www/tess/vendor/laravel/framework/src/Illuminate/Foundation/Http/Kernel.php(116): Illuminate\\Foundation\\Http\\Kernel->sendRequestThroughRouter(Object(Illuminate\\Http\\Request))
#9 /var/www/tess/public/index.php(55): Illuminate\\Foundation\\Http\\Kernel->handle(Object(Illuminate\\Http\\Request))
#10 {main}
"} 
[2020-08-31 04:15:08] local.ERROR: file_get_contents(/var/www/tess/bootstrap/cache/packages.php): failed to open stream: Permission denied {"exception":"[object] (ErrorException(code: 0): file_get_contents(/var/www/tess/bootstrap/cache/packages.php): failed to open stream: Permission denied at /var/www/tess/vendor/laravel/framework/src/Illuminate/Filesystem/Filesystem.php:38)
[stacktrace]
#0 [internal function]: Illuminate\\Foundation\\Bootstrap\\HandleExceptions->handleError(2, 'file_get_conten...', '/var/www/tess/v...', 38, Array)
#1 /var/www/tess/vendor/laravel/framework/src/Illuminate/Filesystem/Filesystem.php(38): file_get_contents('/var/www/tess/b...')
#2 /var/www/tess/vendor/laravel/framework/src/Illuminate/Foundation/PackageManifest.php(100): Illuminate\\Filesystem\\Filesystem->get('/var/www/tess/b...')
#3 /var/www/tess/vendor/laravel/framework/src/Illuminate/Foundation/PackageManifest.php(80): Illuminate\\Foundation\\PackageManifest->getManifest()
#4 /var/www/tess/vendor/laravel/framework/src/Illuminate/Foundation/Bootstrap/RegisterFacades.php(26): Illuminate\\Foundation\\PackageManifest->aliases()
#5 /var/www/tess/vendor/laravel/framework/src/Illuminate/Foundation/Application.php(210): Illuminate\\Foundation\\Bootstrap\\RegisterFacades->bootstrap(Object(Illuminate\\Foundation\\Application))
#6 /var/www/tess/vendor/laravel/framework/src/Illuminate/Foundation/Http/Kernel.php(162): Illuminate\\Foundation\\Application->bootstrapWith(Array)
#7 /var/www/tess/vendor/laravel/framework/src/Illuminate/Foundation/Http/Kernel.php(146): Illuminate\\Foundation\\Http\\Kernel->bootstrap()
#8 /var/www/tess/vendor/laravel/framework/src/Illuminate/Foundation/Http/Kernel.php(116): Illuminate\\Foundation\\Http\\Kernel->sendRequestThroughRouter(Object(Illuminate\\Http\\Request))
#9 /var/www/tess/public/index.php(55): Illuminate\\Foundation\\Http\\Kernel->handle(Object(Illuminate\\Http\\Request))
#10 {main}
"} 
[2020-08-31 04:23:29] local.ERROR: file_get_contents(/var/www/tess/bootstrap/cache/packages.php): failed to open stream: Permission denied {"exception":"[object] (ErrorException(code: 0): file_get_contents(/var/www/tess/bootstrap/cache/packages.php): failed to open stream: Permission denied at /var/www/tess/vendor/laravel/framework/src/Illuminate/Filesystem/Filesystem.php:38)
[stacktrace]
#0 [internal function]: Illuminate\\Foundation\\Bootstrap\\HandleExceptions->handleError(2, 'file_get_conten...', '/var/www/tess/v...', 38, Array)
#1 /var/www/tess/vendor/laravel/framework/src/Illuminate/Filesystem/Filesystem.php(38): file_get_contents('/var/www/tess/b...')
#2 /var/www/tess/vendor/laravel/framework/src/Illuminate/Foundation/PackageManifest.php(100): Illuminate\\Filesystem\\Filesystem->get('/var/www/tess/b...')
#3 /var/www/tess/vendor/laravel/framework/src/Illuminate/Foundation/PackageManifest.php(80): Illuminate\\Foundation\\PackageManifest->getManifest()
#4 /var/www/tess/vendor/laravel/framework/src/Illuminate/Foundation/Bootstrap/RegisterFacades.php(26): Illuminate\\Foundation\\PackageManifest->aliases()
#5 /var/www/tess/vendor/laravel/framework/src/Illuminate/Foundation/Application.php(210): Illuminate\\Foundation\\Bootstrap\\RegisterFacades->bootstrap(Object(Illuminate\\Foundation\\Application))
#6 /var/www/tess/vendor/laravel/framework/src/Illuminate/Foundation/Http/Kernel.php(162): Illuminate\\Foundation\\Application->bootstrapWith(Array)
#7 /var/www/tess/vendor/laravel/framework/src/Illuminate/Foundation/Http/Kernel.php(146): Illuminate\\Foundation\\Http\\Kernel->bootstrap()
#8 /var/www/tess/vendor/laravel/framework/src/Illuminate/Foundation/Http/Kernel.php(116): Illuminate\\Foundation\\Http\\Kernel->sendRequestThroughRouter(Object(Illuminate\\Http\\Request))
#9 /var/www/tess/public/index.php(55): Illuminate\\Foundation\\Http\\Kernel->handle(Object(Illuminate\\Http\\Request))
#10 {main}
"} 
[2020-08-31 04:54:47] local.ERROR: file_get_contents(/var/www/tess/bootstrap/cache/packages.php): failed to open stream: Permission denied {"exception":"[object] (ErrorException(code: 0): file_get_contents(/var/www/tess/bootstrap/cache/packages.php): failed to open stream: Permission denied at /var/www/tess/vendor/laravel/framework/src/Illuminate/Filesystem/Filesystem.php:38)
[stacktrace]
#0 [internal function]: Illuminate\\Foundation\\Bootstrap\\HandleExceptions->handleError(2, 'file_get_conten...', '/var/www/tess/v...', 38, Array)
#1 /var/www/tess/vendor/laravel/framework/src/Illuminate/Filesystem/Filesystem.php(38): file_get_contents('/var/www/tess/b...')
#2 /var/www/tess/vendor/laravel/framework/src/Illuminate/Foundation/PackageManifest.php(100): Illuminate\\Filesystem\\Filesystem->get('/var/www/tess/b...')
#3 /var/www/tess/vendor/laravel/framework/src/Illuminate/Foundation/PackageManifest.php(80): Illuminate\\Foundation\\PackageManifest->getManifest()
#4 /var/www/tess/vendor/laravel/framework/src/Illuminate/Foundation/Bootstrap/RegisterFacades.php(26): Illuminate\\Foundation\\PackageManifest->aliases()
#5 /var/www/tess/vendor/laravel/framework/src/Illuminate/Foundation/Application.php(210): Illuminate\\Foundation\\Bootstrap\\RegisterFacades->bootstrap(Object(Illuminate\\Foundation\\Application))
#6 /var/www/tess/vendor/laravel/framework/src/Illuminate/Foundation/Http/Kernel.php(162): Illuminate\\Foundation\\Application->bootstrapWith(Array)
#7 /var/www/tess/vendor/laravel/framework/src/Illuminate/Foundation/Http/Kernel.php(146): Illuminate\\Foundation\\Http\\Kernel->bootstrap()
#8 /var/www/tess/vendor/laravel/framework/src/Illuminate/Foundation/Http/Kernel.php(116): Illuminate\\Foundation\\Http\\Kernel->sendRequestThroughRouter(Object(Illuminate\\Http\\Request))
#9 /var/www/tess/public/index.php(55): Illuminate\\Foundation\\Http\\Kernel->handle(Object(Illuminate\\Http\\Request))
#10 {main}
"} 
[2020-08-31 06:49:09] local.ERROR: file_get_contents(/var/www/tess/bootstrap/cache/packages.php): failed to open stream: Permission denied {"exception":"[object] (ErrorException(code: 0): file_get_contents(/var/www/tess/bootstrap/cache/packages.php): failed to open stream: Permission denied at /var/www/tess/vendor/laravel/framework/src/Illuminate/Filesystem/Filesystem.php:38)
[stacktrace]
#0 [internal function]: Illuminate\\Foundation\\Bootstrap\\HandleExceptions->handleError(2, 'file_get_conten...', '/var/www/tess/v...', 38, Array)
#1 /var/www/tess/vendor/laravel/framework/src/Illuminate/Filesystem/Filesystem.php(38): file_get_contents('/var/www/tess/b...')
#2 /var/www/tess/vendor/laravel/framework/src/Illuminate/Foundation/PackageManifest.php(100): Illuminate\\Filesystem\\Filesystem->get('/var/www/tess/b...')
#3 /var/www/tess/vendor/laravel/framework/src/Illuminate/Foundation/PackageManifest.php(80): Illuminate\\Foundation\\PackageManifest->getManifest()
#4 /var/www/tess/vendor/laravel/framework/src/Illuminate/Foundation/Bootstrap/RegisterFacades.php(26): Illuminate\\Foundation\\PackageManifest->aliases()
#5 /var/www/tess/vendor/laravel/framework/src/Illuminate/Foundation/Application.php(210): Illuminate\\Foundation\\Bootstrap\\RegisterFacades->bootstrap(Object(Illuminate\\Foundation\\Application))
#6 /var/www/tess/vendor/laravel/framework/src/Illuminate/Foundation/Http/Kernel.php(162): Illuminate\\Foundation\\Application->bootstrapWith(Array)
#7 /var/www/tess/vendor/laravel/framework/src/Illuminate/Foundation/Http/Kernel.php(146): Illuminate\\Foundation\\Http\\Kernel->bootstrap()
#8 /var/www/tess/vendor/laravel/framework/src/Illuminate/Foundation/Http/Kernel.php(116): Illuminate\\Foundation\\Http\\Kernel->sendRequestThroughRouter(Object(Illuminate\\Http\\Request))
#9 /var/www/tess/public/index.php(55): Illuminate\\Foundation\\Http\\Kernel->handle(Object(Illuminate\\Http\\Request))
#10 {main}
"} 
[2020-08-31 06:50:29] local.ERROR: file_get_contents(/var/www/tess/bootstrap/cache/packages.php): failed to open stream: Permission denied {"exception":"[object] (ErrorException(code: 0): file_get_contents(/var/www/tess/bootstrap/cache/packages.php): failed to open stream: Permission denied at /var/www/tess/vendor/laravel/framework/src/Illuminate/Filesystem/Filesystem.php:38)
[stacktrace]
#0 [internal function]: Illuminate\\Foundation\\Bootstrap\\HandleExceptions->handleError(2, 'file_get_conten...', '/var/www/tess/v...', 38, Array)
#1 /var/www/tess/vendor/laravel/framework/src/Illuminate/Filesystem/Filesystem.php(38): file_get_contents('/var/www/tess/b...')
#2 /var/www/tess/vendor/laravel/framework/src/Illuminate/Foundation/PackageManifest.php(100): Illuminate\\Filesystem\\Filesystem->get('/var/www/tess/b...')
#3 /var/www/tess/vendor/laravel/framework/src/Illuminate/Foundation/PackageManifest.php(80): Illuminate\\Foundation\\PackageManifest->getManifest()
#4 /var/www/tess/vendor/laravel/framework/src/Illuminate/Foundation/Bootstrap/RegisterFacades.php(26): Illuminate\\Foundation\\PackageManifest->aliases()
#5 /var/www/tess/vendor/laravel/framework/src/Illuminate/Foundation/Application.php(210): Illuminate\\Foundation\\Bootstrap\\RegisterFacades->bootstrap(Object(Illuminate\\Foundation\\Application))
#6 /var/www/tess/vendor/laravel/framework/src/Illuminate/Foundation/Http/Kernel.php(162): Illuminate\\Foundation\\Application->bootstrapWith(Array)
#7 /var/www/tess/vendor/laravel/framework/src/Illuminate/Foundation/Http/Kernel.php(146): Illuminate\\Foundation\\Http\\Kernel->bootstrap()
#8 /var/www/tess/vendor/laravel/framework/src/Illuminate/Foundation/Http/Kernel.php(116): Illuminate\\Foundation\\Http\\Kernel->sendRequestThroughRouter(Object(Illuminate\\Http\\Request))
#9 /var/www/tess/public/index.php(55): Illuminate\\Foundation\\Http\\Kernel->handle(Object(Illuminate\\Http\\Request))
#10 {main}
"} 
[2020-08-31 06:57:12] local.ERROR: file_get_contents(/var/www/tess/bootstrap/cache/packages.php): failed to open stream: Permission denied {"exception":"[object] (ErrorException(code: 0): file_get_contents(/var/www/tess/bootstrap/cache/packages.php): failed to open stream: Permission denied at /var/www/tess/vendor/laravel/framework/src/Illuminate/Filesystem/Filesystem.php:38)
[stacktrace]
#0 [internal function]: Illuminate\\Foundation\\Bootstrap\\HandleExceptions->handleError(2, 'file_get_conten...', '/var/www/tess/v...', 38, Array)
#1 /var/www/tess/vendor/laravel/framework/src/Illuminate/Filesystem/Filesystem.php(38): file_get_contents('/var/www/tess/b...')
#2 /var/www/tess/vendor/laravel/framework/src/Illuminate/Foundation/PackageManifest.php(100): Illuminate\\Filesystem\\Filesystem->get('/var/www/tess/b...')
#3 /var/www/tess/vendor/laravel/framework/src/Illuminate/Foundation/PackageManifest.php(80): Illuminate\\Foundation\\PackageManifest->getManifest()
#4 /var/www/tess/vendor/laravel/framework/src/Illuminate/Foundation/Bootstrap/RegisterFacades.php(26): Illuminate\\Foundation\\PackageManifest->aliases()
#5 /var/www/tess/vendor/laravel/framework/src/Illuminate/Foundation/Application.php(210): Illuminate\\Foundation\\Bootstrap\\RegisterFacades->bootstrap(Object(Illuminate\\Foundation\\Application))
#6 /var/www/tess/vendor/laravel/framework/src/Illuminate/Foundation/Http/Kernel.php(162): Illuminate\\Foundation\\Application->bootstrapWith(Array)
#7 /var/www/tess/vendor/laravel/framework/src/Illuminate/Foundation/Http/Kernel.php(146): Illuminate\\Foundation\\Http\\Kernel->bootstrap()
#8 /var/www/tess/vendor/laravel/framework/src/Illuminate/Foundation/Http/Kernel.php(116): Illuminate\\Foundation\\Http\\Kernel->sendRequestThroughRouter(Object(Illuminate\\Http\\Request))
#9 /var/www/tess/public/index.php(55): Illuminate\\Foundation\\Http\\Kernel->handle(Object(Illuminate\\Http\\Request))
#10 {main}
"} 
[2020-08-31 06:57:16] local.ERROR: file_get_contents(/var/www/tess/bootstrap/cache/packages.php): failed to open stream: Permission denied {"exception":"[object] (ErrorException(code: 0): file_get_contents(/var/www/tess/bootstrap/cache/packages.php): failed to open stream: Permission denied at /var/www/tess/vendor/laravel/framework/src/Illuminate/Filesystem/Filesystem.php:38)
[stacktrace]
#0 [internal function]: Illuminate\\Foundation\\Bootstrap\\HandleExceptions->handleError(2, 'file_get_conten...', '/var/www/tess/v...', 38, Array)
#1 /var/www/tess/vendor/laravel/framework/src/Illuminate/Filesystem/Filesystem.php(38): file_get_contents('/var/www/tess/b...')
#2 /var/www/tess/vendor/laravel/framework/src/Illuminate/Foundation/PackageManifest.php(100): Illuminate\\Filesystem\\Filesystem->get('/var/www/tess/b...')
#3 /var/www/tess/vendor/laravel/framework/src/Illuminate/Foundation/PackageManifest.php(80): Illuminate\\Foundation\\PackageManifest->getManifest()
#4 /var/www/tess/vendor/laravel/framework/src/Illuminate/Foundation/Bootstrap/RegisterFacades.php(26): Illuminate\\Foundation\\PackageManifest->aliases()
#5 /var/www/tess/vendor/laravel/framework/src/Illuminate/Foundation/Application.php(210): Illuminate\\Foundation\\Bootstrap\\RegisterFacades->bootstrap(Object(Illuminate\\Foundation\\Application))
#6 /var/www/tess/vendor/laravel/framework/src/Illuminate/Foundation/Http/Kernel.php(162): Illuminate\\Foundation\\Application->bootstrapWith(Array)
#7 /var/www/tess/vendor/laravel/framework/src/Illuminate/Foundation/Http/Kernel.php(146): Illuminate\\Foundation\\Http\\Kernel->bootstrap()
#8 /var/www/tess/vendor/laravel/framework/src/Illuminate/Foundation/Http/Kernel.php(116): Illuminate\\Foundation\\Http\\Kernel->sendRequestThroughRouter(Object(Illuminate\\Http\\Request))
#9 /var/www/tess/public/index.php(55): Illuminate\\Foundation\\Http\\Kernel->handle(Object(Illuminate\\Http\\Request))
#10 {main}
"} 
[2020-08-31 06:57:17] local.ERROR: file_get_contents(/var/www/tess/bootstrap/cache/packages.php): failed to open stream: Permission denied {"exception":"[object] (ErrorException(code: 0): file_get_contents(/var/www/tess/bootstrap/cache/packages.php): failed to open stream: Permission denied at /var/www/tess/vendor/laravel/framework/src/Illuminate/Filesystem/Filesystem.php:38)
[stacktrace]
#0 [internal function]: Illuminate\\Foundation\\Bootstrap\\HandleExceptions->handleError(2, 'file_get_conten...', '/var/www/tess/v...', 38, Array)
#1 /var/www/tess/vendor/laravel/framework/src/Illuminate/Filesystem/Filesystem.php(38): file_get_contents('/var/www/tess/b...')
#2 /var/www/tess/vendor/laravel/framework/src/Illuminate/Foundation/PackageManifest.php(100): Illuminate\\Filesystem\\Filesystem->get('/var/www/tess/b...')
#3 /var/www/tess/vendor/laravel/framework/src/Illuminate/Foundation/PackageManifest.php(80): Illuminate\\Foundation\\PackageManifest->getManifest()
#4 /var/www/tess/vendor/laravel/framework/src/Illuminate/Foundation/Bootstrap/RegisterFacades.php(26): Illuminate\\Foundation\\PackageManifest->aliases()
#5 /var/www/tess/vendor/laravel/framework/src/Illuminate/Foundation/Application.php(210): Illuminate\\Foundation\\Bootstrap\\RegisterFacades->bootstrap(Object(Illuminate\\Foundation\\Application))
#6 /var/www/tess/vendor/laravel/framework/src/Illuminate/Foundation/Http/Kernel.php(162): Illuminate\\Foundation\\Application->bootstrapWith(Array)
#7 /var/www/tess/vendor/laravel/framework/src/Illuminate/Foundation/Http/Kernel.php(146): Illuminate\\Foundation\\Http\\Kernel->bootstrap()
#8 /var/www/tess/vendor/laravel/framework/src/Illuminate/Foundation/Http/Kernel.php(116): Illuminate\\Foundation\\Http\\Kernel->sendRequestThroughRouter(Object(Illuminate\\Http\\Request))
#9 /var/www/tess/public/index.php(55): Illuminate\\Foundation\\Http\\Kernel->handle(Object(Illuminate\\Http\\Request))
#10 {main}
"} 
[2020-08-31 06:57:18] local.ERROR: file_get_contents(/var/www/tess/bootstrap/cache/packages.php): failed to open stream: Permission denied {"exception":"[object] (ErrorException(code: 0): file_get_contents(/var/www/tess/bootstrap/cache/packages.php): failed to open stream: Permission denied at /var/www/tess/vendor/laravel/framework/src/Illuminate/Filesystem/Filesystem.php:38)
[stacktrace]
#0 [internal function]: Illuminate\\Foundation\\Bootstrap\\HandleExceptions->handleError(2, 'file_get_conten...', '/var/www/tess/v...', 38, Array)
#1 /var/www/tess/vendor/laravel/framework/src/Illuminate/Filesystem/Filesystem.php(38): file_get_contents('/var/www/tess/b...')
#2 /var/www/tess/vendor/laravel/framework/src/Illuminate/Foundation/PackageManifest.php(100): Illuminate\\Filesystem\\Filesystem->get('/var/www/tess/b...')
#3 /var/www/tess/vendor/laravel/framework/src/Illuminate/Foundation/PackageManifest.php(80): Illuminate\\Foundation\\PackageManifest->getManifest()
#4 /var/www/tess/vendor/laravel/framework/src/Illuminate/Foundation/Bootstrap/RegisterFacades.php(26): Illuminate\\Foundation\\PackageManifest->aliases()
#5 /var/www/tess/vendor/laravel/framework/src/Illuminate/Foundation/Application.php(210): Illuminate\\Foundation\\Bootstrap\\RegisterFacades->bootstrap(Object(Illuminate\\Foundation\\Application))
#6 /var/www/tess/vendor/laravel/framework/src/Illuminate/Foundation/Http/Kernel.php(162): Illuminate\\Foundation\\Application->bootstrapWith(Array)
#7 /var/www/tess/vendor/laravel/framework/src/Illuminate/Foundation/Http/Kernel.php(146): Illuminate\\Foundation\\Http\\Kernel->bootstrap()
#8 /var/www/tess/vendor/laravel/framework/src/Illuminate/Foundation/Http/Kernel.php(116): Illuminate\\Foundation\\Http\\Kernel->sendRequestThroughRouter(Object(Illuminate\\Http\\Request))
#9 /var/www/tess/public/index.php(55): Illuminate\\Foundation\\Http\\Kernel->handle(Object(Illuminate\\Http\\Request))
#10 {main}
"} 
[2020-08-31 06:57:19] local.ERROR: file_get_contents(/var/www/tess/bootstrap/cache/packages.php): failed to open stream: Permission denied {"exception":"[object] (ErrorException(code: 0): file_get_contents(/var/www/tess/bootstrap/cache/packages.php): failed to open stream: Permission denied at /var/www/tess/vendor/laravel/framework/src/Illuminate/Filesystem/Filesystem.php:38)
[stacktrace]
#0 [internal function]: Illuminate\\Foundation\\Bootstrap\\HandleExceptions->handleError(2, 'file_get_conten...', '/var/www/tess/v...', 38, Array)
#1 /var/www/tess/vendor/laravel/framework/src/Illuminate/Filesystem/Filesystem.php(38): file_get_contents('/var/www/tess/b...')
#2 /var/www/tess/vendor/laravel/framework/src/Illuminate/Foundation/PackageManifest.php(100): Illuminate\\Filesystem\\Filesystem->get('/var/www/tess/b...')
#3 /var/www/tess/vendor/laravel/framework/src/Illuminate/Foundation/PackageManifest.php(80): Illuminate\\Foundation\\PackageManifest->getManifest()
#4 /var/www/tess/vendor/laravel/framework/src/Illuminate/Foundation/Bootstrap/RegisterFacades.php(26): Illuminate\\Foundation\\PackageManifest->aliases()
#5 /var/www/tess/vendor/laravel/framework/src/Illuminate/Foundation/Application.php(210): Illuminate\\Foundation\\Bootstrap\\RegisterFacades->bootstrap(Object(Illuminate\\Foundation\\Application))
#6 /var/www/tess/vendor/laravel/framework/src/Illuminate/Foundation/Http/Kernel.php(162): Illuminate\\Foundation\\Application->bootstrapWith(Array)
#7 /var/www/tess/vendor/laravel/framework/src/Illuminate/Foundation/Http/Kernel.php(146): Illuminate\\Foundation\\Http\\Kernel->bootstrap()
#8 /var/www/tess/vendor/laravel/framework/src/Illuminate/Foundation/Http/Kernel.php(116): Illuminate\\Foundation\\Http\\Kernel->sendRequestThroughRouter(Object(Illuminate\\Http\\Request))
#9 /var/www/tess/public/index.php(55): Illuminate\\Foundation\\Http\\Kernel->handle(Object(Illuminate\\Http\\Request))
#10 {main}
"} 
[2020-08-31 06:57:19] local.ERROR: file_get_contents(/var/www/tess/bootstrap/cache/packages.php): failed to open stream: Permission denied {"exception":"[object] (ErrorException(code: 0): file_get_contents(/var/www/tess/bootstrap/cache/packages.php): failed to open stream: Permission denied at /var/www/tess/vendor/laravel/framework/src/Illuminate/Filesystem/Filesystem.php:38)
[stacktrace]
#0 [internal function]: Illuminate\\Foundation\\Bootstrap\\HandleExceptions->handleError(2, 'file_get_conten...', '/var/www/tess/v...', 38, Array)
#1 /var/www/tess/vendor/laravel/framework/src/Illuminate/Filesystem/Filesystem.php(38): file_get_contents('/var/www/tess/b...')
#2 /var/www/tess/vendor/laravel/framework/src/Illuminate/Foundation/PackageManifest.php(100): Illuminate\\Filesystem\\Filesystem->get('/var/www/tess/b...')
#3 /var/www/tess/vendor/laravel/framework/src/Illuminate/Foundation/PackageManifest.php(80): Illuminate\\Foundation\\PackageManifest->getManifest()
#4 /var/www/tess/vendor/laravel/framework/src/Illuminate/Foundation/Bootstrap/RegisterFacades.php(26): Illuminate\\Foundation\\PackageManifest->aliases()
#5 /var/www/tess/vendor/laravel/framework/src/Illuminate/Foundation/Application.php(210): Illuminate\\Foundation\\Bootstrap\\RegisterFacades->bootstrap(Object(Illuminate\\Foundation\\Application))
#6 /var/www/tess/vendor/laravel/framework/src/Illuminate/Foundation/Http/Kernel.php(162): Illuminate\\Foundation\\Application->bootstrapWith(Array)
#7 /var/www/tess/vendor/laravel/framework/src/Illuminate/Foundation/Http/Kernel.php(146): Illuminate\\Foundation\\Http\\Kernel->bootstrap()
#8 /var/www/tess/vendor/laravel/framework/src/Illuminate/Foundation/Http/Kernel.php(116): Illuminate\\Foundation\\Http\\Kernel->sendRequestThroughRouter(Object(Illuminate\\Http\\Request))
#9 /var/www/tess/public/index.php(55): Illuminate\\Foundation\\Http\\Kernel->handle(Object(Illuminate\\Http\\Request))
#10 {main}
"} 
[2020-08-31 06:57:20] local.ERROR: file_get_contents(/var/www/tess/bootstrap/cache/packages.php): failed to open stream: Permission denied {"exception":"[object] (ErrorException(code: 0): file_get_contents(/var/www/tess/bootstrap/cache/packages.php): failed to open stream: Permission denied at /var/www/tess/vendor/laravel/framework/src/Illuminate/Filesystem/Filesystem.php:38)
[stacktrace]
#0 [internal function]: Illuminate\\Foundation\\Bootstrap\\HandleExceptions->handleError(2, 'file_get_conten...', '/var/www/tess/v...', 38, Array)
#1 /var/www/tess/vendor/laravel/framework/src/Illuminate/Filesystem/Filesystem.php(38): file_get_contents('/var/www/tess/b...')
#2 /var/www/tess/vendor/laravel/framework/src/Illuminate/Foundation/PackageManifest.php(100): Illuminate\\Filesystem\\Filesystem->get('/var/www/tess/b...')
#3 /var/www/tess/vendor/laravel/framework/src/Illuminate/Foundation/PackageManifest.php(80): Illuminate\\Foundation\\PackageManifest->getManifest()
#4 /var/www/tess/vendor/laravel/framework/src/Illuminate/Foundation/Bootstrap/RegisterFacades.php(26): Illuminate\\Foundation\\PackageManifest->aliases()
#5 /var/www/tess/vendor/laravel/framework/src/Illuminate/Foundation/Application.php(210): Illuminate\\Foundation\\Bootstrap\\RegisterFacades->bootstrap(Object(Illuminate\\Foundation\\Application))
#6 /var/www/tess/vendor/laravel/framework/src/Illuminate/Foundation/Http/Kernel.php(162): Illuminate\\Foundation\\Application->bootstrapWith(Array)
#7 /var/www/tess/vendor/laravel/framework/src/Illuminate/Foundation/Http/Kernel.php(146): Illuminate\\Foundation\\Http\\Kernel->bootstrap()
#8 /var/www/tess/vendor/laravel/framework/src/Illuminate/Foundation/Http/Kernel.php(116): Illuminate\\Foundation\\Http\\Kernel->sendRequestThroughRouter(Object(Illuminate\\Http\\Request))
#9 /var/www/tess/public/index.php(55): Illuminate\\Foundation\\Http\\Kernel->handle(Object(Illuminate\\Http\\Request))
#10 {main}
"} 
[2020-08-31 06:58:21] local.ERROR: The "--force" option does not exist. {"exception":"[object] (Symfony\\Component\\Console\\Exception\\RuntimeException(code: 0): The \"--force\" option does not exist. at /var/www/tess/vendor/symfony/console/Input/ArgvInput.php:218)
[stacktrace]
#0 /var/www/tess/vendor/symfony/console/Input/ArgvInput.php(154): Symfony\\Component\\Console\\Input\\ArgvInput->addLongOption('force', NULL)
#1 /var/www/tess/vendor/symfony/console/Input/ArgvInput.php(82): Symfony\\Component\\Console\\Input\\ArgvInput->parseLongOption('--force')
#2 /var/www/tess/vendor/symfony/console/Input/Input.php(55): Symfony\\Component\\Console\\Input\\ArgvInput->parse()
#3 /var/www/tess/vendor/symfony/console/Command/Command.php(214): Symfony\\Component\\Console\\Input\\Input->bind(Object(Symfony\\Component\\Console\\Input\\InputDefinition))
#4 /var/www/tess/vendor/laravel/framework/src/Illuminate/Console/Command.php(170): Symfony\\Component\\Console\\Command\\Command->run(Object(Symfony\\Component\\Console\\Input\\ArgvInput), Object(Illuminate\\Console\\OutputStyle))
#5 /var/www/tess/vendor/symfony/console/Application.php(921): Illuminate\\Console\\Command->run(Object(Symfony\\Component\\Console\\Input\\ArgvInput), Object(Symfony\\Component\\Console\\Output\\ConsoleOutput))
#6 /var/www/tess/vendor/symfony/console/Application.php(273): Symfony\\Component\\Console\\Application->doRunCommand(Object(Illuminate\\Foundation\\Console\\OptimizeCommand), Object(Symfony\\Component\\Console\\Input\\ArgvInput), Object(Symfony\\Component\\Console\\Output\\ConsoleOutput))
#7 /var/www/tess/vendor/symfony/console/Application.php(149): Symfony\\Component\\Console\\Application->doRun(Object(Symfony\\Component\\Console\\Input\\ArgvInput), Object(Symfony\\Component\\Console\\Output\\ConsoleOutput))
#8 /var/www/tess/vendor/laravel/framework/src/Illuminate/Console/Application.php(90): Symfony\\Component\\Console\\Application->run(Object(Symfony\\Component\\Console\\Input\\ArgvInput), Object(Symfony\\Component\\Console\\Output\\ConsoleOutput))
#9 /var/www/tess/vendor/laravel/framework/src/Illuminate/Foundation/Console/Kernel.php(133): Illuminate\\Console\\Application->run(Object(Symfony\\Component\\Console\\Input\\ArgvInput), Object(Symfony\\Component\\Console\\Output\\ConsoleOutput))
#10 /var/www/tess/artisan(37): Illuminate\\Foundation\\Console\\Kernel->handle(Object(Symfony\\Component\\Console\\Input\\ArgvInput), Object(Symfony\\Component\\Console\\Output\\ConsoleOutput))
#11 {main}
"} 
[2020-08-31 06:58:47] local.ERROR: Unable to prepare route [api/user] for serialization. Uses Closure. {"exception":"[object] (LogicException(code: 0): Unable to prepare route [api/user] for serialization. Uses Closure. at /var/www/tess/vendor/laravel/framework/src/Illuminate/Routing/Route.php:917)
[stacktrace]
#0 /var/www/tess/vendor/laravel/framework/src/Illuminate/Foundation/Console/RouteCacheCommand.php(62): Illuminate\\Routing\\Route->prepareForSerialization()
#1 [internal function]: Illuminate\\Foundation\\Console\\RouteCacheCommand->handle()
#2 /var/www/tess/vendor/laravel/framework/src/Illuminate/Container/BoundMethod.php(32): call_user_func_array(Array, Array)
#3 /var/www/tess/vendor/laravel/framework/src/Illuminate/Container/BoundMethod.php(90): Illuminate\\Container\\BoundMethod::Illuminate\\Container\\{closure}()
#4 /var/www/tess/vendor/laravel/framework/src/Illuminate/Container/BoundMethod.php(34): Illuminate\\Container\\BoundMethod::callBoundMethod(Object(Illuminate\\Foundation\\Application), Array, Object(Closure))
#5 /var/www/tess/vendor/laravel/framework/src/Illuminate/Container/Container.php(576): Illuminate\\Container\\BoundMethod::call(Object(Illuminate\\Foundation\\Application), Array, Array, NULL)
#6 /var/www/tess/vendor/laravel/framework/src/Illuminate/Console/Command.php(183): Illuminate\\Container\\Container->call(Array)
#7 /var/www/tess/vendor/symfony/console/Command/Command.php(255): Illuminate\\Console\\Command->execute(Object(Symfony\\Component\\Console\\Input\\ArrayInput), Object(Illuminate\\Console\\OutputStyle))
#8 /var/www/tess/vendor/laravel/framework/src/Illuminate/Console/Command.php(170): Symfony\\Component\\Console\\Command\\Command->run(Object(Symfony\\Component\\Console\\Input\\ArrayInput), Object(Illuminate\\Console\\OutputStyle))
#9 /var/www/tess/vendor/laravel/framework/src/Illuminate/Console/Command.php(198): Illuminate\\Console\\Command->run(Object(Symfony\\Component\\Console\\Input\\ArrayInput), Object(Illuminate\\Console\\OutputStyle))
#10 /var/www/tess/vendor/laravel/framework/src/Illuminate/Foundation/Console/OptimizeCommand.php(31): Illuminate\\Console\\Command->call('route:cache')
#11 [internal function]: Illuminate\\Foundation\\Console\\OptimizeCommand->handle()
#12 /var/www/tess/vendor/laravel/framework/src/Illuminate/Container/BoundMethod.php(32): call_user_func_array(Array, Array)
#13 /var/www/tess/vendor/laravel/framework/src/Illuminate/Container/BoundMethod.php(90): Illuminate\\Container\\BoundMethod::Illuminate\\Container\\{closure}()
#14 /var/www/tess/vendor/laravel/framework/src/Illuminate/Container/BoundMethod.php(34): Illuminate\\Container\\BoundMethod::callBoundMethod(Object(Illuminate\\Foundation\\Application), Array, Object(Closure))
#15 /var/www/tess/vendor/laravel/framework/src/Illuminate/Container/Container.php(576): Illuminate\\Container\\BoundMethod::call(Object(Illuminate\\Foundation\\Application), Array, Array, NULL)
#16 /var/www/tess/vendor/laravel/framework/src/Illuminate/Console/Command.php(183): Illuminate\\Container\\Container->call(Array)
#17 /var/www/tess/vendor/symfony/console/Command/Command.php(255): Illuminate\\Console\\Command->execute(Object(Symfony\\Component\\Console\\Input\\ArgvInput), Object(Illuminate\\Console\\OutputStyle))
#18 /var/www/tess/vendor/laravel/framework/src/Illuminate/Console/Command.php(170): Symfony\\Component\\Console\\Command\\Command->run(Object(Symfony\\Component\\Console\\Input\\ArgvInput), Object(Illuminate\\Console\\OutputStyle))
#19 /var/www/tess/vendor/symfony/console/Application.php(921): Illuminate\\Console\\Command->run(Object(Symfony\\Component\\Console\\Input\\ArgvInput), Object(Symfony\\Component\\Console\\Output\\ConsoleOutput))
#20 /var/www/tess/vendor/symfony/console/Application.php(273): Symfony\\Component\\Console\\Application->doRunCommand(Object(Illuminate\\Foundation\\Console\\OptimizeCommand), Object(Symfony\\Component\\Console\\Input\\ArgvInput), Object(Symfony\\Component\\Console\\Output\\ConsoleOutput))
#21 /var/www/tess/vendor/symfony/console/Application.php(149): Symfony\\Component\\Console\\Application->doRun(Object(Symfony\\Component\\Console\\Input\\ArgvInput), Object(Symfony\\Component\\Console\\Output\\ConsoleOutput))
#22 /var/www/tess/vendor/laravel/framework/src/Illuminate/Console/Application.php(90): Symfony\\Component\\Console\\Application->run(Object(Symfony\\Component\\Console\\Input\\ArgvInput), Object(Symfony\\Component\\Console\\Output\\ConsoleOutput))
#23 /var/www/tess/vendor/laravel/framework/src/Illuminate/Foundation/Console/Kernel.php(133): Illuminate\\Console\\Application->run(Object(Symfony\\Component\\Console\\Input\\ArgvInput), Object(Symfony\\Component\\Console\\Output\\ConsoleOutput))
#24 /var/www/tess/artisan(37): Illuminate\\Foundation\\Console\\Kernel->handle(Object(Symfony\\Component\\Console\\Input\\ArgvInput), Object(Symfony\\Component\\Console\\Output\\ConsoleOutput))
#25 {main}
"} 
